2026-02-22T19:40:50.357823+00:00 CRITICAL 'ansible_navigator.actions.run_playbook._handle_message' Unhandled message from runner queue, discarded: {'event': 'verbose', 'uuid': '7b115748-d6bf-4c55-ab8f-8ff5639528b5', 'counter': 1, 'stdout': '', 'start_line': 0, 'end_line': 1, 'runner_ident': '22521bca-70b5-44c8-a9da-6cfef7e943be', 'created': '2026-02-22T19:40:50.357029'}
2026-02-22T19:40:50.359260+00:00 CRITICAL 'ansible_navigator.actions.run_playbook._handle_message' Unhandled message from runner queue, discarded: {'event': 'verbose', 'uuid': 'd5964f94-6642-4ba5-bae0-dfe3a0a543ad', 'counter': 2, 'stdout': 'playbook: /home/student/data-review/playbook.yml', 'start_line': 1, 'end_line': 2, 'runner_ident': '22521bca-70b5-44c8-a9da-6cfef7e943be', 'created': '2026-02-22T19:40:50.358293'}
2026-02-22T19:47:02.592459+00:00 INFO 'ansible_navigator.setup_logger' New ansible-navigator instance, logging initialized
2026-02-22T19:47:02.592812+00:00 INFO 'ansible_navigator.setup_logger' New ansible-runner instance, logging initialized
2026-02-22T19:47:02.592860+00:00 DEBUG 'ansible_navigator.main' ansible-builder==1.1.0 /usr/lib/python3.9/site-packages
2026-02-22T19:47:02.592886+00:00 DEBUG 'ansible_navigator.main' ansible-core==2.13.0 /usr/lib/python3.9/site-packages
2026-02-22T19:47:02.592909+00:00 DEBUG 'ansible_navigator.main' ansible-navigator==2.1.0 /usr/lib/python3.9/site-packages
2026-02-22T19:47:02.592929+00:00 DEBUG 'ansible_navigator.main' ansible-runner==2.2.0 /usr/lib/python3.9/site-packages
2026-02-22T19:47:02.592949+00:00 DEBUG 'ansible_navigator.main' attrs==21.4.0 /usr/lib/python3.9/site-packages
2026-02-22T19:47:02.592989+00:00 DEBUG 'ansible_navigator.main' babel==2.9.1 /usr/lib/python3.9/site-packages
2026-02-22T19:47:02.593016+00:00 DEBUG 'ansible_navigator.main' bindep==2.10.2 /usr/lib/python3.9/site-packages
2026-02-22T19:47:02.593036+00:00 DEBUG 'ansible_navigator.main' brlapi==0.8.2 /usr/lib64/python3.9/site-packages
2026-02-22T19:47:02.593056+00:00 DEBUG 'ansible_navigator.main' certifi==2020.6.20 /usr/lib/python3.9/site-packages
2026-02-22T19:47:02.593075+00:00 DEBUG 'ansible_navigator.main' cffi==1.15.0 /usr/lib64/python3.9/site-packages
2026-02-22T19:47:02.593094+00:00 DEBUG 'ansible_navigator.main' chardet==4.0.0 /usr/lib/python3.9/site-packages
2026-02-22T19:47:02.593113+00:00 DEBUG 'ansible_navigator.main' charset-normalizer==2.0.11 /usr/lib/python3.9/site-packages
2026-02-22T19:47:02.593132+00:00 DEBUG 'ansible_navigator.main' chrome-gnome-shell==0.0.0 /usr/lib/python3.9/site-packages
2026-02-22T19:47:02.593151+00:00 DEBUG 'ansible_navigator.main' cloud-init==21.1 /usr/lib/python3.9/site-packages
2026-02-22T19:47:02.593169+00:00 DEBUG 'ansible_navigator.main' configobj==5.0.6 /usr/lib/python3.9/site-packages
2026-02-22T19:47:02.593188+00:00 DEBUG 'ansible_navigator.main' cryptography==36.0.1 /usr/lib64/python3.9/site-packages
2026-02-22T19:47:02.593207+00:00 DEBUG 'ansible_navigator.main' cupshelpers==1.0 /usr/lib/python3.9/site-packages
2026-02-22T19:47:02.593226+00:00 DEBUG 'ansible_navigator.main' dasbus==1.4 /usr/lib/python3.9/site-packages
2026-02-22T19:47:02.593245+00:00 DEBUG 'ansible_navigator.main' dbus-python==1.2.18 /usr/lib64/python3.9/site-packages
2026-02-22T19:47:02.593264+00:00 DEBUG 'ansible_navigator.main' decorator==4.4.2 /usr/lib/python3.9/site-packages
2026-02-22T19:47:02.593282+00:00 DEBUG 'ansible_navigator.main' distlib==0.3.4 /usr/local/lib/python3.9/site-packages
2026-02-22T19:47:02.593301+00:00 DEBUG 'ansible_navigator.main' distro==1.6.0 /usr/lib/python3.9/site-packages
2026-02-22T19:47:02.593320+00:00 DEBUG 'ansible_navigator.main' docutils==0.16 /usr/lib/python3.9/site-packages
2026-02-22T19:47:02.593338+00:00 DEBUG 'ansible_navigator.main' ethtool==0.15 /usr/lib64/python3.9/site-packages
2026-02-22T19:47:02.593357+00:00 DEBUG 'ansible_navigator.main' file-magic==0.4.0 /usr/lib/python3.9/site-packages
2026-02-22T19:47:02.593376+00:00 DEBUG 'ansible_navigator.main' filelock==3.7.0 /usr/local/lib/python3.9/site-packages
2026-02-22T19:47:02.593395+00:00 DEBUG 'ansible_navigator.main' gpg==1.15.1 /usr/lib64/python3.9/site-packages
2026-02-22T19:47:02.593428+00:00 DEBUG 'ansible_navigator.main' idna==3.3 /usr/lib/python3.9/site-packages
2026-02-22T19:47:02.593448+00:00 DEBUG 'ansible_navigator.main' iniparse==0.4 /usr/lib/python3.9/site-packages
2026-02-22T19:47:02.593467+00:00 DEBUG 'ansible_navigator.main' jinja2==3.0.3 /usr/lib/python3.9/site-packages
2026-02-22T19:47:02.593486+00:00 DEBUG 'ansible_navigator.main' jsonpatch==1.21 /usr/lib/python3.9/site-packages
2026-02-22T19:47:02.593505+00:00 DEBUG 'ansible_navigator.main' jsonpointer==2.0 /usr/lib/python3.9/site-packages
2026-02-22T19:47:02.593524+00:00 DEBUG 'ansible_navigator.main' jsonschema==3.2.0 /usr/lib/python3.9/site-packages
2026-02-22T19:47:02.593542+00:00 DEBUG 'ansible_navigator.main' libcomps==0.1.18 /usr/lib64/python3.9/site-packages
2026-02-22T19:47:02.593561+00:00 DEBUG 'ansible_navigator.main' lockfile==0.12.2 /usr/lib/python3.9/site-packages
2026-02-22T19:47:02.593580+00:00 DEBUG 'ansible_navigator.main' lxml==4.6.5 /usr/lib64/python3.9/site-packages
2026-02-22T19:47:02.593598+00:00 DEBUG 'ansible_navigator.main' markupsafe==2.1.0 /usr/lib64/python3.9/site-packages
2026-02-22T19:47:02.593626+00:00 DEBUG 'ansible_navigator.main' netifaces==0.10.6 /usr/lib64/python3.9/site-packages
2026-02-22T19:47:02.593645+00:00 DEBUG 'ansible_navigator.main' nftables==0.1 /usr/lib/python3.9/site-packages
2026-02-22T19:47:02.593664+00:00 DEBUG 'ansible_navigator.main' oauthlib==3.1.1 /usr/lib/python3.9/site-packages
2026-02-22T19:47:02.593682+00:00 DEBUG 'ansible_navigator.main' onigurumacffi==1.1.0 /usr/lib64/python3.9/site-packages
2026-02-22T19:47:02.593701+00:00 DEBUG 'ansible_navigator.main' packaging==21.2 /usr/lib/python3.9/site-packages
2026-02-22T19:47:02.593719+00:00 DEBUG 'ansible_navigator.main' parsley==1.3 /usr/lib/python3.9/site-packages
2026-02-22T19:47:02.593738+00:00 DEBUG 'ansible_navigator.main' pbr==5.8.1 /usr/lib/python3.9/site-packages
2026-02-22T19:47:02.593775+00:00 DEBUG 'ansible_navigator.main' perf==0.1 /usr/lib64/python3.9/site-packages
2026-02-22T19:47:02.593795+00:00 DEBUG 'ansible_navigator.main' pexpect==4.8.0 /usr/lib/python3.9/site-packages
2026-02-22T19:47:02.593815+00:00 DEBUG 'ansible_navigator.main' pip==21.2.3 /usr/lib/python3.9/site-packages
2026-02-22T19:47:02.593835+00:00 DEBUG 'ansible_navigator.main' platformdirs==2.5.2 /usr/local/lib/python3.9/site-packages
2026-02-22T19:47:02.593858+00:00 DEBUG 'ansible_navigator.main' prettytable==0.7.2 /usr/lib/python3.9/site-packages
2026-02-22T19:47:02.593881+00:00 DEBUG 'ansible_navigator.main' psutil==5.8.0 /usr/lib64/python3.9/site-packages
2026-02-22T19:47:02.593901+00:00 DEBUG 'ansible_navigator.main' ptyprocess==0.6.0 /usr/lib/python3.9/site-packages
2026-02-22T19:47:02.593921+00:00 DEBUG 'ansible_navigator.main' pycairo==1.20.0 /usr/lib64/python3.9/site-packages
2026-02-22T19:47:02.593941+00:00 DEBUG 'ansible_navigator.main' pycparser==2.21 /usr/lib/python3.9/site-packages
2026-02-22T19:47:02.593961+00:00 DEBUG 'ansible_navigator.main' pycups==2.0.1 /usr/lib64/python3.9/site-packages
2026-02-22T19:47:02.593981+00:00 DEBUG 'ansible_navigator.main' pycurl==7.43.0.6 /usr/lib64/python3.9/site-packages
2026-02-22T19:47:02.594012+00:00 DEBUG 'ansible_navigator.main' pyenchant==3.2.0 /usr/lib/python3.9/site-packages
2026-02-22T19:47:02.594032+00:00 DEBUG 'ansible_navigator.main' pygobject==3.40.1 /usr/lib64/python3.9/site-packages
2026-02-22T19:47:02.594053+00:00 DEBUG 'ansible_navigator.main' pyinotify==0.9.6 /usr/lib/python3.9/site-packages
2026-02-22T19:47:02.594072+00:00 DEBUG 'ansible_navigator.main' pyopenssl==19.1.0 /usr/lib/python3.9/site-packages
2026-02-22T19:47:02.594092+00:00 DEBUG 'ansible_navigator.main' pyparsing==2.4.7 /usr/lib/python3.9/site-packages
2026-02-22T19:47:02.594112+00:00 DEBUG 'ansible_navigator.main' pyrsistent==0.17.3 /usr/lib64/python3.9/site-packages
2026-02-22T19:47:02.594132+00:00 DEBUG 'ansible_navigator.main' pyserial==3.4 /usr/lib/python3.9/site-packages
2026-02-22T19:47:02.594152+00:00 DEBUG 'ansible_navigator.main' pysocks==1.7.1 /usr/lib/python3.9/site-packages
2026-02-22T19:47:02.594180+00:00 DEBUG 'ansible_navigator.main' python-daemon==2.3.0 /usr/lib/python3.9/site-packages
2026-02-22T19:47:02.594201+00:00 DEBUG 'ansible_navigator.main' python-dateutil==2.8.1 /usr/lib/python3.9/site-packages
2026-02-22T19:47:02.594221+00:00 DEBUG 'ansible_navigator.main' python-dmidecode==3.12.2 /usr/lib64/python3.9/site-packages
2026-02-22T19:47:02.594241+00:00 DEBUG 'ansible_navigator.main' python-linux-procfs==0.7.0 /usr/lib/python3.9/site-packages
2026-02-22T19:47:02.594261+00:00 DEBUG 'ansible_navigator.main' pytz==2021.3 /usr/lib/python3.9/site-packages
2026-02-22T19:47:02.594281+00:00 DEBUG 'ansible_navigator.main' pyudev==0.22.0 /usr/lib/python3.9/site-packages
2026-02-22T19:47:02.594301+00:00 DEBUG 'ansible_navigator.main' pyxdg==0.27 /usr/lib/python3.9/site-packages
2026-02-22T19:47:02.594320+00:00 DEBUG 'ansible_navigator.main' pyyaml==5.4.1 /usr/lib64/python3.9/site-packages
2026-02-22T19:47:02.594340+00:00 DEBUG 'ansible_navigator.main' requests==2.27.1 /usr/lib/python3.9/site-packages
2026-02-22T19:47:02.594360+00:00 DEBUG 'ansible_navigator.main' requirements-parser==0.2.0 /usr/lib/python3.9/site-packages
2026-02-22T19:47:02.594379+00:00 DEBUG 'ansible_navigator.main' resolvelib==0.5.4 /usr/lib/python3.9/site-packages
2026-02-22T19:47:02.594399+00:00 DEBUG 'ansible_navigator.main' rpm==4.16.1.3 /usr/lib64/python3.9/site-packages
2026-02-22T19:47:02.594420+00:00 DEBUG 'ansible_navigator.main' selinux==3.3 /usr/lib64/python3.9/site-packages
2026-02-22T19:47:02.594440+00:00 DEBUG 'ansible_navigator.main' sepolicy==3.3 /usr/lib/python3.9/site-packages
2026-02-22T19:47:02.594459+00:00 DEBUG 'ansible_navigator.main' setools==4.4.0 /usr/lib64/python3.9/site-packages
2026-02-22T19:47:02.594479+00:00 DEBUG 'ansible_navigator.main' setroubleshoot==1.1 /usr/lib/python3.9/site-packages
2026-02-22T19:47:02.594499+00:00 DEBUG 'ansible_navigator.main' setuptools==53.0.0 /usr/lib/python3.9/site-packages
2026-02-22T19:47:02.594519+00:00 DEBUG 'ansible_navigator.main' six==1.16.0 /usr/lib/python3.9/site-packages
2026-02-22T19:47:02.594539+00:00 DEBUG 'ansible_navigator.main' sos==4.2 /usr/lib/python3.9/site-packages
2026-02-22T19:47:02.594559+00:00 DEBUG 'ansible_navigator.main' subscription-manager==1.29.26 /usr/lib64/python3.9/site-packages
2026-02-22T19:47:02.594580+00:00 DEBUG 'ansible_navigator.main' systemd-python==234 /usr/lib64/python3.9/site-packages
2026-02-22T19:47:02.594600+00:00 DEBUG 'ansible_navigator.main' urllib3==1.26.8 /usr/lib/python3.9/site-packages
2026-02-22T19:47:02.594629+00:00 DEBUG 'ansible_navigator.main' virtualenv==20.14.1 /usr/local/lib/python3.9/site-packages
2026-02-22T19:47:02.594649+00:00 DEBUG 'ansible_navigator.main' Share directory '/usr/lib/python3.9/share/ansible_navigator' not found (development path)
2026-02-22T19:47:02.594670+00:00 DEBUG 'ansible_navigator.main' Share directory '/home/student/.local/share/ansible_navigator' not found (userbase)
2026-02-22T19:47:02.594690+00:00 DEBUG 'ansible_navigator.main' Share directory '/usr/share/ansible_navigator' found (sys.prefix)
2026-02-22T19:47:02.594711+00:00 DEBUG 'ansible_navigator.main' Default collection_doc_cache_path set to: /home/student/.cache/ansible-navigator/collection_doc_cache.db
2026-02-22T19:47:02.594731+00:00 DEBUG 'ansible_navigator.main' EDITOR environment variable not set
2026-02-22T19:47:02.594752+00:00 DEBUG 'ansible_navigator.main' Default editor_command set to: vi +{line_number} {filename}
2026-02-22T19:47:02.594771+00:00 DEBUG 'ansible_navigator.main' No config file set by ANSIBLE_NAVIGATOR_CONFIG
2026-02-22T19:47:02.594791+00:00 DEBUG 'ansible_navigator.main' Looking in /home/student
2026-02-22T19:47:02.594811+00:00 DEBUG 'ansible_navigator.main' Looking for '/home/student/.ansible-navigator.yml', '/home/student/.ansible-navigator.yaml' and '/home/student/.ansible-navigator.json'
2026-02-22T19:47:02.594831+00:00 DEBUG 'ansible_navigator.main' Found 1: '/home/student/.ansible-navigator.yml'
2026-02-22T19:47:02.594851+00:00 DEBUG 'ansible_navigator.main' Looking in /home/student/data-review
2026-02-22T19:47:02.594879+00:00 DEBUG 'ansible_navigator.main' Looking for '/home/student/data-review/ansible-navigator.yml', '/home/student/data-review/ansible-navigator.yaml' and '/home/student/data-review/ansible-navigator.json'
2026-02-22T19:47:02.594904+00:00 DEBUG 'ansible_navigator.main' Found 0: 
2026-02-22T19:47:02.594925+00:00 DEBUG 'ansible_navigator.main' All found 1: '/home/student/.ansible-navigator.yml'
2026-02-22T19:47:02.594945+00:00 DEBUG 'ansible_navigator.main' Using: /home/student/.ansible-navigator.yml
2026-02-22T19:47:02.594971+00:00 DEBUG 'ansible_navigator.main' Using settings file at /home/student/.ansible-navigator.yml in search path
2026-02-22T19:47:02.594996+00:00 DEBUG 'ansible_navigator.main' Command provided: 'run -m stdout'
2026-02-22T19:47:02.595016+00:00 DEBUG 'ansible_navigator.main' ansible-navigator.ansible-runner.artifact-dir not found in settings file
2026-02-22T19:47:02.595037+00:00 DEBUG 'ansible_navigator.main' ansible-navigator.ansible-runner.rotate-artifacts-count not found in settings file
2026-02-22T19:47:02.595057+00:00 DEBUG 'ansible_navigator.main' ansible-navigator.ansible-runner.timeout not found in settings file
2026-02-22T19:47:02.595078+00:00 DEBUG 'ansible_navigator.main' ansible-navigator.app not found in settings file
2026-02-22T19:47:02.595098+00:00 DEBUG 'ansible_navigator.main' ansible-navigator.ansible.cmdline not found in settings file
2026-02-22T19:47:02.595118+00:00 DEBUG 'ansible_navigator.main' ansible-navigator.collection-doc-cache-path not found in settings file
2026-02-22T19:47:02.595151+00:00 DEBUG 'ansible_navigator.main' ansible-navigator.ansible.config.path not found in settings file
2026-02-22T19:47:02.595170+00:00 DEBUG 'ansible_navigator.main' ansible-navigator.execution-environment.container-engine not found in settings file
2026-02-22T19:47:02.595189+00:00 DEBUG 'ansible_navigator.main' ansible-navigator.execution-environment.container-options not found in settings file
2026-02-22T19:47:02.595208+00:00 DEBUG 'ansible_navigator.main' ansible-navigator.color.enable not found in settings file
2026-02-22T19:47:02.595227+00:00 DEBUG 'ansible_navigator.main' ansible-navigator.editor.command not found in settings file
2026-02-22T19:47:02.595246+00:00 DEBUG 'ansible_navigator.main' ansible-navigator.editor.console not found in settings file
2026-02-22T19:47:02.595264+00:00 DEBUG 'ansible_navigator.main' ansible-navigator.exec.command not found in settings file
2026-02-22T19:47:02.595284+00:00 DEBUG 'ansible_navigator.main' ansible-navigator.exec.shell not found in settings file
2026-02-22T19:47:02.595302+00:00 DEBUG 'ansible_navigator.main' ansible-navigator.execution-environment.enabled not found in settings file
2026-02-22T19:47:02.595321+00:00 DEBUG 'ansible_navigator.main' ansible-navigator.execution-environment.volume-mounts not found in settings file
2026-02-22T19:47:02.595340+00:00 DEBUG 'ansible_navigator.main' ansible-navigator.ansible-builder.help not found in settings file
2026-02-22T19:47:02.595359+00:00 DEBUG 'ansible_navigator.main' ansible-navigator.ansible.config.help not found in settings file
2026-02-22T19:47:02.595378+00:00 DEBUG 'ansible_navigator.main' ansible-navigator.ansible.doc.help not found in settings file
2026-02-22T19:47:02.595396+00:00 DEBUG 'ansible_navigator.main' ansible-navigator.ansible.inventory.help not found in settings file
2026-02-22T19:47:02.595415+00:00 DEBUG 'ansible_navigator.main' ansible-navigator.ansible.playbook.help not found in settings file
2026-02-22T19:47:02.595434+00:00 DEBUG 'ansible_navigator.main' ansible-navigator.images.details not found in settings file
2026-02-22T19:47:02.595453+00:00 DEBUG 'ansible_navigator.main' ansible-navigator.ansible.inventory.entries not found in settings file
2026-02-22T19:47:02.595471+00:00 DEBUG 'ansible_navigator.main' ansible-navigator.inventory-columns not found in settings file
2026-02-22T19:47:02.595490+00:00 DEBUG 'ansible_navigator.main' ansible-navigator.ansible-lint.config not found in settings file
2026-02-22T19:47:02.595512+00:00 DEBUG 'ansible_navigator.main' ansible-navigator.ansible-lint.lintables not found in settings file
2026-02-22T19:47:02.595531+00:00 DEBUG 'ansible_navigator.main' ansible-navigator.logging.append not found in settings file
2026-02-22T19:47:02.595550+00:00 DEBUG 'ansible_navigator.main' ansible-navigator.logging.file not found in settings file
2026-02-22T19:47:02.595569+00:00 DEBUG 'ansible_navigator.main' ansible-navigator.logging.level not found in settings file
2026-02-22T19:47:02.595600+00:00 DEBUG 'ansible_navigator.main' ansible-navigator.mode not found in settings file
2026-02-22T19:47:02.595624+00:00 DEBUG 'ansible_navigator.main' ansible-navigator.color.osc4 not found in settings file
2026-02-22T19:47:02.595642+00:00 DEBUG 'ansible_navigator.main' ansible-navigator.execution-environment.environment-variables.pass not found in settings file
2026-02-22T19:47:02.595660+00:00 DEBUG 'ansible_navigator.main' ansible-navigator.ansible.playbook.path not found in settings file
2026-02-22T19:47:02.595678+00:00 DEBUG 'ansible_navigator.main' ansible-navigator.playbook-artifact.enable not found in settings file
2026-02-22T19:47:02.595696+00:00 DEBUG 'ansible_navigator.main' ansible-navigator.playbook-artifact.replay not found in settings file
2026-02-22T19:47:02.595713+00:00 DEBUG 'ansible_navigator.main' ansible-navigator.playbook-artifact.save-as not found in settings file
2026-02-22T19:47:02.595731+00:00 DEBUG 'ansible_navigator.main' ansible-navigator.ansible.doc.plugin.name not found in settings file
2026-02-22T19:47:02.595748+00:00 DEBUG 'ansible_navigator.main' ansible-navigator.ansible.doc.plugin.type not found in settings file
2026-02-22T19:47:02.595766+00:00 DEBUG 'ansible_navigator.main' ansible-navigator.execution-environment.pull.arguments not found in settings file
2026-02-22T19:47:02.595784+00:00 DEBUG 'ansible_navigator.main' ansible-navigator.execution-environment.environment-variables.set not found in settings file
2026-02-22T19:47:02.595802+00:00 DEBUG 'ansible_navigator.main' ansible-navigator.settings.effective not found in settings file
2026-02-22T19:47:02.595819+00:00 DEBUG 'ansible_navigator.main' ansible-navigator.settings.sample not found in settings file
2026-02-22T19:47:02.595837+00:00 DEBUG 'ansible_navigator.main' ansible-navigator.settings.schema not found in settings file
2026-02-22T19:47:02.595855+00:00 DEBUG 'ansible_navigator.main' ansible-navigator.settings.sources not found in settings file
2026-02-22T19:47:02.595873+00:00 DEBUG 'ansible_navigator.main' ansible-navigator.time-zone not found in settings file
2026-02-22T19:47:02.595891+00:00 DEBUG 'ansible_navigator.main' ansible-navigator.ansible-builder.workdir not found in settings file
2026-02-22T19:47:02.595909+00:00 DEBUG 'ansible_navigator.main' EE support enabled: using current working directory for 'ansible.cfg'
2026-02-22T19:47:02.595927+00:00 INFO 'ansible_navigator.main' EE support enabled: found 'ansible.cfg' in current working directory.
2026-02-22T19:47:02.595945+00:00 DEBUG 'ansible_navigator.main' Completed post processing for ansible_runner_artifact_dir. (changed=False)
2026-02-22T19:47:02.595963+00:00 DEBUG 'ansible_navigator.main' Completed post processing for ansible_runner_rotate_artifacts_count. (changed=False)
2026-02-22T19:47:02.596039+00:00 DEBUG 'ansible_navigator.main' Completed post processing for ansible_runner_timeout. (changed=False)
2026-02-22T19:47:02.596057+00:00 DEBUG 'ansible_navigator.main' Completed post processing for cmdline. (changed=False)
2026-02-22T19:47:02.596075+00:00 DEBUG 'ansible_navigator.main' Completed post processing for collection_doc_cache_path. (changed=False)
2026-02-22T19:47:02.596093+00:00 DEBUG 'ansible_navigator.main' Completed post processing for container_engine. (changed=True)
2026-02-22T19:47:02.596111+00:00 DEBUG 'ansible_navigator.main'  before: 'auto'
2026-02-22T19:47:02.596128+00:00 DEBUG 'ansible_navigator.main'  after: 'podman'
2026-02-22T19:47:02.596146+00:00 DEBUG 'ansible_navigator.main' Completed post processing for container_options. (changed=False)
2026-02-22T19:47:02.596174+00:00 DEBUG 'ansible_navigator.main' Completed post processing for display_color. (changed=False)
2026-02-22T19:47:02.596193+00:00 DEBUG 'ansible_navigator.main' Completed post processing for execution_environment. (changed=False)
2026-02-22T19:47:02.596210+00:00 DEBUG 'ansible_navigator.main' Completed post processing for execution_environment_image. (changed=False)
2026-02-22T19:47:02.596228+00:00 DEBUG 'ansible_navigator.main' Completed post processing for help_builder. (changed=False)
2026-02-22T19:47:02.596246+00:00 DEBUG 'ansible_navigator.main' Completed post processing for help_config. (changed=False)
2026-02-22T19:47:02.596263+00:00 DEBUG 'ansible_navigator.main' Completed post processing for help_doc. (changed=False)
2026-02-22T19:47:02.596281+00:00 DEBUG 'ansible_navigator.main' Completed post processing for help_inventory. (changed=False)
2026-02-22T19:47:02.596299+00:00 DEBUG 'ansible_navigator.main' Completed post processing for help_playbook. (changed=False)
2026-02-22T19:47:02.596316+00:00 DEBUG 'ansible_navigator.main' Completed post processing for images_details. (changed=False)
2026-02-22T19:47:02.596334+00:00 DEBUG 'ansible_navigator.main' Completed post processing for inventory. (changed=True)
2026-02-22T19:47:02.596352+00:00 DEBUG 'ansible_navigator.main'  before: 'Not set'
2026-02-22T19:47:02.596370+00:00 DEBUG 'ansible_navigator.main'  after: '['/home/student/data-review/inventory']'
2026-02-22T19:47:02.596387+00:00 DEBUG 'ansible_navigator.main' Completed post processing for inventory_column. (changed=False)
2026-02-22T19:47:02.596405+00:00 DEBUG 'ansible_navigator.main' Completed post processing for log_file. (changed=False)
2026-02-22T19:47:02.596423+00:00 DEBUG 'ansible_navigator.main' Completed post processing for pass_environment_variable. (changed=False)
2026-02-22T19:47:02.596441+00:00 DEBUG 'ansible_navigator.main' Completed post processing for playbook. (changed=False)
2026-02-22T19:47:02.596458+00:00 DEBUG 'ansible_navigator.main' Completed post processing for playbook_artifact_replay. (changed=False)
2026-02-22T19:47:02.596476+00:00 DEBUG 'ansible_navigator.main' Completed post processing for playbook_artifact_save_as. (changed=False)
2026-02-22T19:47:02.596494+00:00 DEBUG 'ansible_navigator.main' Completed post processing for plugin_name. (changed=False)
2026-02-22T19:47:02.596512+00:00 DEBUG 'ansible_navigator.main' Completed post processing for pull_arguments. (changed=False)
2026-02-22T19:47:02.596529+00:00 DEBUG 'ansible_navigator.main' Completed post processing for set_environment_variable. (changed=False)
2026-02-22T19:47:02.596547+00:00 DEBUG 'ansible_navigator.main' Completed post processing for settings_effective. (changed=False)
2026-02-22T19:47:02.596565+00:00 DEBUG 'ansible_navigator.main' Completed post processing for settings_sample. (changed=False)
2026-02-22T19:47:02.596582+00:00 DEBUG 'ansible_navigator.main' Completed post processing for settings_schema. (changed=False)
2026-02-22T19:47:02.596600+00:00 DEBUG 'ansible_navigator.main' Completed post processing for settings_sources. (changed=False)
2026-02-22T19:47:02.596640+00:00 DEBUG 'ansible_navigator.main' Completed post processing for time_zone. (changed=False)
2026-02-22T19:47:02.596658+00:00 DEBUG 'ansible_navigator.main' Completed post processing for execution_environment_volume_mounts. (changed=False)
2026-02-22T19:47:02.596676+00:00 DEBUG 'ansible_navigator.main' Completed post processing for mode. (changed=False)
2026-02-22T19:47:02.596698+00:00 WARNING 'ansible_navigator.main' Configuration errors encountered, rolling back to previous configuration.
2026-02-22T19:47:02.596718+00:00 DEBUG 'ansible_navigator.main' Prior to rollback: ansible_runner_artifact_dir = 'Not set' (Constants/Not set)
2026-02-22T19:47:02.596735+00:00 DEBUG 'ansible_navigator.main' Prior to rollback: ansible_runner_rotate_artifacts_count = 'Not set' (Constants/Not set)
2026-02-22T19:47:02.596753+00:00 DEBUG 'ansible_navigator.main' Prior to rollback: ansible_runner_timeout = 'Not set' (Constants/Not set)
2026-02-22T19:47:02.596781+00:00 DEBUG 'ansible_navigator.main' Prior to rollback: app = 'run' (str/Command line)
2026-02-22T19:47:02.596799+00:00 DEBUG 'ansible_navigator.main' Prior to rollback: cmdline = 'Not set' (Constants/Not set)
2026-02-22T19:47:02.596817+00:00 DEBUG 'ansible_navigator.main' Prior to rollback: collection_doc_cache_path = '/home/student/.cache/ansible-navigator/collection_doc_cache.db' (str/Defaults)
2026-02-22T19:47:02.596835+00:00 DEBUG 'ansible_navigator.main' Prior to rollback: config = 'Not set' (Constants/Not set)
2026-02-22T19:47:02.596853+00:00 DEBUG 'ansible_navigator.main' Prior to rollback: container_engine = 'podman' (str/Automatically determined)
2026-02-22T19:47:02.596876+00:00 DEBUG 'ansible_navigator.main' Prior to rollback: container_options = 'Not set' (Constants/Not set)
2026-02-22T19:47:02.596905+00:00 DEBUG 'ansible_navigator.main' Prior to rollback: display_color = 'True' (bool/Defaults)
2026-02-22T19:47:02.596930+00:00 DEBUG 'ansible_navigator.main' Prior to rollback: editor_command = 'vi +{line_number} {filename}' (str/Defaults)
2026-02-22T19:47:02.596957+00:00 DEBUG 'ansible_navigator.main' Prior to rollback: editor_console = 'True' (bool/Defaults)
2026-02-22T19:47:02.596992+00:00 DEBUG 'ansible_navigator.main' Prior to rollback: exec_command = '/bin/bash' (str/Defaults)
2026-02-22T19:47:02.597010+00:00 DEBUG 'ansible_navigator.main' Prior to rollback: exec_shell = 'True' (bool/Defaults)
2026-02-22T19:47:02.597028+00:00 DEBUG 'ansible_navigator.main' Prior to rollback: execution_environment = 'True' (bool/Defaults)
2026-02-22T19:47:02.597047+00:00 DEBUG 'ansible_navigator.main' Prior to rollback: execution_environment_image = 'utility.lab.example.com/ee-supported-rhel8:latest' (str/Settings file)
2026-02-22T19:47:02.597065+00:00 DEBUG 'ansible_navigator.main' Prior to rollback: execution_environment_volume_mounts = 'Not set' (Constants/Not set)
2026-02-22T19:47:02.597083+00:00 DEBUG 'ansible_navigator.main' Prior to rollback: help_builder = 'False' (bool/Defaults)
2026-02-22T19:47:02.597100+00:00 DEBUG 'ansible_navigator.main' Prior to rollback: help_config = 'False' (bool/Defaults)
2026-02-22T19:47:02.597118+00:00 DEBUG 'ansible_navigator.main' Prior to rollback: help_doc = 'False' (bool/Defaults)
2026-02-22T19:47:02.597136+00:00 DEBUG 'ansible_navigator.main' Prior to rollback: help_inventory = 'False' (bool/Defaults)
2026-02-22T19:47:02.597154+00:00 DEBUG 'ansible_navigator.main' Prior to rollback: help_playbook = 'False' (bool/Defaults)
2026-02-22T19:47:02.597172+00:00 DEBUG 'ansible_navigator.main' Prior to rollback: images_details = '['everything']' (list/Defaults)
2026-02-22T19:47:02.597189+00:00 DEBUG 'ansible_navigator.main' Prior to rollback: inventory = '['/home/student/data-review/inventory']' (list/Ansible configuration file)
2026-02-22T19:47:02.597207+00:00 DEBUG 'ansible_navigator.main' Prior to rollback: inventory_column = 'Not set' (Constants/Not set)
2026-02-22T19:47:02.597225+00:00 DEBUG 'ansible_navigator.main' Prior to rollback: lint_config = 'Not set' (Constants/Not set)
2026-02-22T19:47:02.597243+00:00 DEBUG 'ansible_navigator.main' Prior to rollback: lintables = 'Not set' (Constants/Not set)
2026-02-22T19:47:02.597260+00:00 DEBUG 'ansible_navigator.main' Prior to rollback: log_append = 'True' (bool/Defaults)
2026-02-22T19:47:02.597278+00:00 DEBUG 'ansible_navigator.main' Prior to rollback: log_file = '/home/student/data-review/ansible-navigator.log' (str/Defaults)
2026-02-22T19:47:02.597296+00:00 DEBUG 'ansible_navigator.main' Prior to rollback: log_level = 'warning' (str/Defaults)
2026-02-22T19:47:02.597314+00:00 DEBUG 'ansible_navigator.main' Prior to rollback: mode = 'stdout' (str/Command line)
2026-02-22T19:47:02.597332+00:00 DEBUG 'ansible_navigator.main' Prior to rollback: osc4 = 'True' (bool/Defaults)
2026-02-22T19:47:02.597349+00:00 DEBUG 'ansible_navigator.main' Prior to rollback: pass_environment_variable = 'Not set' (Constants/Not set)
2026-02-22T19:47:02.597367+00:00 DEBUG 'ansible_navigator.main' Prior to rollback: playbook = 'Not set' (Constants/Not set)
2026-02-22T19:47:02.597394+00:00 DEBUG 'ansible_navigator.main' Prior to rollback: playbook_artifact_enable = 'True' (bool/Defaults)
2026-02-22T19:47:02.597413+00:00 DEBUG 'ansible_navigator.main' Prior to rollback: playbook_artifact_replay = 'Not set' (Constants/Not set)
2026-02-22T19:47:02.597431+00:00 DEBUG 'ansible_navigator.main' Prior to rollback: playbook_artifact_save_as = '{playbook_dir}/{playbook_name}-artifact-{time_stamp}.json' (str/Defaults)
2026-02-22T19:47:02.597449+00:00 DEBUG 'ansible_navigator.main' Prior to rollback: plugin_name = 'Not set' (Constants/Not set)
2026-02-22T19:47:02.597467+00:00 DEBUG 'ansible_navigator.main' Prior to rollback: plugin_type = 'module' (str/Defaults)
2026-02-22T19:47:02.597485+00:00 DEBUG 'ansible_navigator.main' Prior to rollback: pull_arguments = 'Not set' (Constants/Not set)
2026-02-22T19:47:02.597503+00:00 DEBUG 'ansible_navigator.main' Prior to rollback: pull_policy = 'missing' (str/Settings file)
2026-02-22T19:47:02.597521+00:00 DEBUG 'ansible_navigator.main' Prior to rollback: set_environment_variable = 'Not set' (Constants/Not set)
2026-02-22T19:47:02.597539+00:00 DEBUG 'ansible_navigator.main' Prior to rollback: settings_effective = 'False' (bool/Defaults)
2026-02-22T19:47:02.597557+00:00 DEBUG 'ansible_navigator.main' Prior to rollback: settings_sample = 'False' (bool/Defaults)
2026-02-22T19:47:02.597575+00:00 DEBUG 'ansible_navigator.main' Prior to rollback: settings_schema = 'json' (str/Defaults)
2026-02-22T19:47:02.597593+00:00 DEBUG 'ansible_navigator.main' Prior to rollback: settings_sources = 'False' (bool/Defaults)
2026-02-22T19:47:02.597616+00:00 DEBUG 'ansible_navigator.main' Prior to rollback: time_zone = 'UTC' (str/Defaults)
2026-02-22T19:47:02.597635+00:00 DEBUG 'ansible_navigator.main' Prior to rollback: workdir = '/home/student/data-review' (str/Defaults)
2026-02-22T19:47:02.597652+00:00 DEBUG 'ansible_navigator.main' After rollback: ansible_runner_artifact_dir = 'Not set' (Constants/Not set)
2026-02-22T19:47:02.597670+00:00 DEBUG 'ansible_navigator.main' After rollback: ansible_runner_rotate_artifacts_count = 'Not set' (Constants/Not set)
2026-02-22T19:47:02.597688+00:00 DEBUG 'ansible_navigator.main' After rollback: ansible_runner_timeout = 'Not set' (Constants/Not set)
2026-02-22T19:47:02.597706+00:00 DEBUG 'ansible_navigator.main' After rollback: app = 'Not set' (Constants/Not set)
2026-02-22T19:47:02.597724+00:00 DEBUG 'ansible_navigator.main' After rollback: cmdline = 'Not set' (Constants/Not set)
2026-02-22T19:47:02.597742+00:00 DEBUG 'ansible_navigator.main' After rollback: collection_doc_cache_path = 'Not set' (Constants/Not set)
2026-02-22T19:47:02.597760+00:00 DEBUG 'ansible_navigator.main' After rollback: config = 'Not set' (Constants/Not set)
2026-02-22T19:47:02.597778+00:00 DEBUG 'ansible_navigator.main' After rollback: container_engine = 'Not set' (Constants/Not set)
2026-02-22T19:47:02.597795+00:00 DEBUG 'ansible_navigator.main' After rollback: container_options = 'Not set' (Constants/Not set)
2026-02-22T19:47:02.597814+00:00 DEBUG 'ansible_navigator.main' After rollback: display_color = 'Not set' (Constants/Not set)
2026-02-22T19:47:02.597831+00:00 DEBUG 'ansible_navigator.main' After rollback: editor_command = 'Not set' (Constants/Not set)
2026-02-22T19:47:02.597850+00:00 DEBUG 'ansible_navigator.main' After rollback: editor_console = 'Not set' (Constants/Not set)
2026-02-22T19:47:02.597867+00:00 DEBUG 'ansible_navigator.main' After rollback: exec_command = 'Not set' (Constants/Not set)
2026-02-22T19:47:02.597886+00:00 DEBUG 'ansible_navigator.main' After rollback: exec_shell = 'Not set' (Constants/Not set)
2026-02-22T19:47:02.597904+00:00 DEBUG 'ansible_navigator.main' After rollback: execution_environment = 'Not set' (Constants/Not set)
2026-02-22T19:47:02.597922+00:00 DEBUG 'ansible_navigator.main' After rollback: execution_environment_image = 'Not set' (Constants/Not set)
2026-02-22T19:47:02.597940+00:00 DEBUG 'ansible_navigator.main' After rollback: execution_environment_volume_mounts = 'Not set' (Constants/Not set)
2026-02-22T19:47:02.597972+00:00 DEBUG 'ansible_navigator.main' After rollback: help_builder = 'Not set' (Constants/Not set)
2026-02-22T19:47:02.597994+00:00 DEBUG 'ansible_navigator.main' After rollback: help_config = 'Not set' (Constants/Not set)
2026-02-22T19:47:02.598013+00:00 DEBUG 'ansible_navigator.main' After rollback: help_doc = 'Not set' (Constants/Not set)
2026-02-22T19:47:02.598031+00:00 DEBUG 'ansible_navigator.main' After rollback: help_inventory = 'Not set' (Constants/Not set)
2026-02-22T19:47:02.598067+00:00 DEBUG 'ansible_navigator.main' After rollback: help_playbook = 'Not set' (Constants/Not set)
2026-02-22T19:47:02.598086+00:00 DEBUG 'ansible_navigator.main' After rollback: images_details = 'Not set' (Constants/Not set)
2026-02-22T19:47:02.598105+00:00 DEBUG 'ansible_navigator.main' After rollback: inventory = 'Not set' (Constants/Not set)
2026-02-22T19:47:02.598124+00:00 DEBUG 'ansible_navigator.main' After rollback: inventory_column = 'Not set' (Constants/Not set)
2026-02-22T19:47:02.598143+00:00 DEBUG 'ansible_navigator.main' After rollback: lint_config = 'Not set' (Constants/Not set)
2026-02-22T19:47:02.598162+00:00 DEBUG 'ansible_navigator.main' After rollback: lintables = 'Not set' (Constants/Not set)
2026-02-22T19:47:02.598180+00:00 DEBUG 'ansible_navigator.main' After rollback: log_append = 'Not set' (Constants/Not set)
2026-02-22T19:47:02.598212+00:00 DEBUG 'ansible_navigator.main' After rollback: log_file = 'Not set' (Constants/Not set)
2026-02-22T19:47:02.598229+00:00 DEBUG 'ansible_navigator.main' After rollback: log_level = 'Not set' (Constants/Not set)
2026-02-22T19:47:02.598248+00:00 DEBUG 'ansible_navigator.main' After rollback: mode = 'Not set' (Constants/Not set)
2026-02-22T19:47:02.598265+00:00 DEBUG 'ansible_navigator.main' After rollback: osc4 = 'Not set' (Constants/Not set)
2026-02-22T19:47:02.598283+00:00 DEBUG 'ansible_navigator.main' After rollback: pass_environment_variable = 'Not set' (Constants/Not set)
2026-02-22T19:47:02.598301+00:00 DEBUG 'ansible_navigator.main' After rollback: playbook = 'Not set' (Constants/Not set)
2026-02-22T19:47:02.598319+00:00 DEBUG 'ansible_navigator.main' After rollback: playbook_artifact_enable = 'Not set' (Constants/Not set)
2026-02-22T19:47:02.598337+00:00 DEBUG 'ansible_navigator.main' After rollback: playbook_artifact_replay = 'Not set' (Constants/Not set)
2026-02-22T19:47:02.598355+00:00 DEBUG 'ansible_navigator.main' After rollback: playbook_artifact_save_as = 'Not set' (Constants/Not set)
2026-02-22T19:47:02.598372+00:00 DEBUG 'ansible_navigator.main' After rollback: plugin_name = 'Not set' (Constants/Not set)
2026-02-22T19:47:02.598390+00:00 DEBUG 'ansible_navigator.main' After rollback: plugin_type = 'Not set' (Constants/Not set)
2026-02-22T19:47:02.598408+00:00 DEBUG 'ansible_navigator.main' After rollback: pull_arguments = 'Not set' (Constants/Not set)
2026-02-22T19:47:02.598426+00:00 DEBUG 'ansible_navigator.main' After rollback: pull_policy = 'Not set' (Constants/Not set)
2026-02-22T19:47:02.598444+00:00 DEBUG 'ansible_navigator.main' After rollback: set_environment_variable = 'Not set' (Constants/Not set)
2026-02-22T19:47:02.598461+00:00 DEBUG 'ansible_navigator.main' After rollback: settings_effective = 'Not set' (Constants/Not set)
2026-02-22T19:47:02.598479+00:00 DEBUG 'ansible_navigator.main' After rollback: settings_sample = 'Not set' (Constants/Not set)
2026-02-22T19:47:02.598497+00:00 DEBUG 'ansible_navigator.main' After rollback: settings_schema = 'Not set' (Constants/Not set)
2026-02-22T19:47:02.598515+00:00 DEBUG 'ansible_navigator.main' After rollback: settings_sources = 'Not set' (Constants/Not set)
2026-02-22T19:47:02.598532+00:00 DEBUG 'ansible_navigator.main' After rollback: time_zone = 'Not set' (Constants/Not set)
2026-02-22T19:47:02.598550+00:00 DEBUG 'ansible_navigator.main' After rollback: workdir = 'Not set' (Constants/Not set)
2026-02-22T19:47:02.598568+00:00 DEBUG 'ansible_navigator.main' Configuration rollback complete.
2026-02-22T19:47:02.598586+00:00 DEBUG 'ansible_navigator.main' Collection doc cache not mounted
2026-02-22T19:47:02.598630+00:00 WARNING 'ansible_navigator.main' Issues were found while applying the settings.
2026-02-22T19:47:02.598652+00:00 INFO 'ansible_navigator.main' Command provided: 'run -m stdout'
2026-02-22T19:47:02.598676+00:00 ERROR 'ansible_navigator.main' A playbook is required when using the run subcommand
2026-02-22T19:47:02.598697+00:00 INFO 'ansible_navigator.main' Try again with 'run <playbook name>'
2026-02-22T19:47:02.598717+00:00 INFO 'ansible_navigator.main' Configuration failed, using default log file location. (/home/student/data-review/ansible-navigator.log) Log level set to debug
2026-02-22T19:47:02.598737+00:00 INFO 'ansible_navigator.main' Review the hints and log file to see what went wrong.
2026-02-22T19:50:38.213572+00:00 CRITICAL 'ansible_navigator.actions.run_playbook._handle_message' Unhandled message from runner queue, discarded: {'event': 'verbose', 'uuid': 'ff31818f-bf00-4a73-a995-10c3e836acb8', 'counter': 1, 'stdout': '\x1b[0;31mERROR! Attempting to decrypt but no vault secrets found\x1b[0m', 'start_line': 0, 'end_line': 1, 'runner_ident': '9dc7f946-165e-48b4-85e0-9d50ae979a4f', 'created': '2026-02-22T19:50:38.205865'}
